Num:	Value	Size	Type	Bind	Vis	Ndx	Name
97:	0000000000019018	112	FUNC	GLOBAL	DEFAULT	13	_ZN7android24ClampFloatBufferProviderC2Eim
339:	0000000000019018	112	FUNC	GLOBAL	DEFAULT	13	_ZN7android24ClampFloatBufferProviderC1Eim
110:	00000000000191a8	84	FUNC	GLOBAL	DEFAULT	13	_ZN7android25TimestretchBufferProviderD2Ev
444:	00000000000191a8	84	FUNC	GLOBAL	DEFAULT	13	_ZN7android25TimestretchBufferProviderD1Ev
123:	0000000000063a14	228	FUNC	WEAK	DEFAULT	13	_ZN7android17AudioResamplerDynIisiEC1EiiNS_14AudioResampler11src_qualityE
309:	0000000000063a14	228	FUNC	WEAK	DEFAULT	13	_ZN7android17AudioResamplerDynIisiEC2EiiNS_14AudioResampler11src_qualityE
129:	00000000000639cc	12	FUNC	WEAK	DEFAULT	13	_ZN7android17AudioResamplerDynIssiE8InBufferC2Ev
458:	00000000000639cc	12	FUNC	WEAK	DEFAULT	13	_ZN7android17AudioResamplerDynIssiE8InBufferC1Ev
131:	0000000000019bb8	76	FUNC	GLOBAL	DEFAULT	13	_ZN7android18CopyBufferProviderD1Ev
160:	0000000000019bb8	76	FUNC	GLOBAL	DEFAULT	13	_ZN7android18CopyBufferProviderD2Ev
162:	000000000001a00c	84	FUNC	GLOBAL	DEFAULT	13	_ZN7android21RecordBufferConverterD1Ev
198:	000000000001a00c	84	FUNC	GLOBAL	DEFAULT	13	_ZN7android21RecordBufferConverterD2Ev
175:	0000000000017fe8	1892	FUNC	GLOBAL	DEFAULT	13	_ZN7android23DownmixerBufferProviderC1Ejj14audio_format_tjim
250:	0000000000017fe8	1892	FUNC	GLOBAL	DEFAULT	13	_ZN7android23DownmixerBufferProviderC2Ejj14audio_format_tjim
176:	0000000000056a10	212	FUNC	GLOBAL	DEFAULT	13	_ZN7android14AudioResamplerD1Ev
219:	0000000000056a10	212	FUNC	GLOBAL	DEFAULT	13	_ZN7android14AudioResamplerD2Ev
195:	00000000000639d8	44	FUNC	WEAK	DEFAULT	13	_ZN7android17AudioResamplerDynIssiE8InBufferD1Ev
230:	00000000000639d8	44	FUNC	WEAK	DEFAULT	13	_ZN7android17AudioResamplerDynIssiE8InBufferD2Ev
196:	0000000000018e80	380	FUNC	GLOBAL	DEFAULT	13	_ZN7android22ReformatBufferProviderC1Ei14audio_format_tS1_m
273:	0000000000018e80	380	FUNC	GLOBAL	DEFAULT	13	_ZN7android22ReformatBufferProviderC2Ei14audio_format_tS1_m
197:	0000000000019c04	32	FUNC	GLOBAL	DEFAULT	13	_ZN7android21RecordBufferConverterC2Ej14audio_format_tjjS1_j
407:	0000000000019c04	32	FUNC	GLOBAL	DEFAULT	13	_ZN7android21RecordBufferConverterC1Ej14audio_format_tjjS1_j
202:	0000000000063b40	76	FUNC	WEAK	DEFAULT	13	_ZN7android17AudioResamplerDynIisiED1Ev
235:	0000000000063b40	76	FUNC	WEAK	DEFAULT	13	_ZN7android17AudioResamplerDynIisiED2Ev
215:	00000000000197a8	680	FUNC	GLOBAL	DEFAULT	13	_ZN7android28AdjustChannelsBufferProviderC2E14audio_format_tmmmS1_Pv
355:	00000000000197a8	680	FUNC	GLOBAL	DEFAULT	13	_ZN7android28AdjustChannelsBufferProviderC1E14audio_format_tmmmS1_Pv
245:	000000000005d5dc	12	FUNC	WEAK	DEFAULT	13	_ZN7android17AudioResamplerDynIfffE8InBufferC1Ev
291:	000000000005d5dc	12	FUNC	WEAK	DEFAULT	13	_ZN7android17AudioResamplerDynIfffE8InBufferC2Ev
259:	00000000000571ec	152	FUNC	GLOBAL	DEFAULT	13	_ZN7android18AudioResamplerSincC2EiiNS_14AudioResampler11src_qualityE
441:	00000000000571ec	152	FUNC	GLOBAL	DEFAULT	13	_ZN7android18AudioResamplerSincC1EiiNS_14AudioResampler11src_qualityE
269:	000000000005d624	228	FUNC	WEAK	DEFAULT	13	_ZN7android17AudioResamplerDynIssiEC2EiiNS_14AudioResampler11src_qualityE
448:	000000000005d624	228	FUNC	WEAK	DEFAULT	13	_ZN7android17AudioResamplerDynIssiEC1EiiNS_14AudioResampler11src_qualityE
272:	000000000006ad18	12	FUNC	WEAK	DEFAULT	13	_ZN7android17AudioResamplerDynIisiE8InBufferC1Ev
308:	000000000006ad18	12	FUNC	WEAK	DEFAULT	13	_ZN7android17AudioResamplerDynIisiE8InBufferC2Ev
283:	0000000000057e18	228	FUNC	WEAK	DEFAULT	13	_ZN7android17AudioResamplerDynIfffEC1EiiNS_14AudioResampler11src_qualityE
423:	0000000000057e18	228	FUNC	WEAK	DEFAULT	13	_ZN7android17AudioResamplerDynIfffEC2EiiNS_14AudioResampler11src_qualityE
287:	0000000000018818	180	FUNC	GLOBAL	DEFAULT	13	_ZN7android23DownmixerBufferProviderD1Ev
325:	0000000000018818	180	FUNC	GLOBAL	DEFAULT	13	_ZN7android23DownmixerBufferProviderD2Ev
288:	00000000000190ac	252	FUNC	GLOBAL	DEFAULT	13	_ZN7android25TimestretchBufferProviderC2Ei14audio_format_tjRK19audio_playback_rate
415:	00000000000190ac	252	FUNC	GLOBAL	DEFAULT	13	_ZN7android25TimestretchBufferProviderC1Ei14audio_format_tjRK19audio_playback_rate
310:	00000000000639bc	16	FUNC	WEAK	DEFAULT	13	_ZN7android17AudioResamplerDynIssiE9ConstantsC1Ev
342:	00000000000639bc	16	FUNC	WEAK	DEFAULT	13	_ZN7android17AudioResamplerDynIssiE9ConstantsC2Ev
343:	000000000005d750	76	FUNC	WEAK	DEFAULT	13	_ZN7android17AudioResamplerDynIssiED1Ev
381:	000000000005d750	76	FUNC	WEAK	DEFAULT	13	_ZN7android17AudioResamplerDynIssiED2Ev
348:	0000000000057f44	76	FUNC	WEAK	DEFAULT	13	_ZN7android17AudioResamplerDynIfffED1Ev
384:	0000000000057f44	76	FUNC	WEAK	DEFAULT	13	_ZN7android17AudioResamplerDynIfffED2Ev
360:	000000000005d5e8	44	FUNC	WEAK	DEFAULT	13	_ZN7android17AudioResamplerDynIfffE8InBufferD1Ev
395:	000000000005d5e8	44	FUNC	WEAK	DEFAULT	13	_ZN7android17AudioResamplerDynIfffE8InBufferD2Ev
369:	0000000000018b9c	708	FUNC	GLOBAL	DEFAULT	13	_ZN7android19RemixBufferProviderC1Ejj14audio_format_tm
398:	0000000000018b9c	708	FUNC	GLOBAL	DEFAULT	13	_ZN7android19RemixBufferProviderC2Ejj14audio_format_tm
377:	000000000005d5cc	16	FUNC	WEAK	DEFAULT	13	_ZN7android17AudioResamplerDynIfffE9ConstantsC1Ev
418:	000000000005d5cc	16	FUNC	WEAK	DEFAULT	13	_ZN7android17AudioResamplerDynIfffE9ConstantsC2Ev
380:	000000000006ad24	44	FUNC	WEAK	DEFAULT	13	_ZN7android17AudioResamplerDynIisiE8InBufferD1Ev
424:	000000000006ad24	44	FUNC	WEAK	DEFAULT	13	_ZN7android17AudioResamplerDynIisiE8InBufferD2Ev
410:	000000000006ad08	16	FUNC	WEAK	DEFAULT	13	_ZN7android17AudioResamplerDynIisiE9ConstantsC1Ev
452:	000000000006ad08	16	FUNC	WEAK	DEFAULT	13	_ZN7android17AudioResamplerDynIisiE9ConstantsC2Ev
413:	0000000000057284	56	FUNC	GLOBAL	DEFAULT	13	_ZN7android18AudioResamplerSincD1Ev
456:	0000000000057284	56	FUNC	GLOBAL	DEFAULT	13	_ZN7android18AudioResamplerSincD2Ev
