.section .rodata 
.rodata_start:
.align 12
.type	_IO_stdin_used_b48,@object
.globl _IO_stdin_used_b48
_IO_stdin_used: # b48 -- b4c
.LCb48:
	.byte 0x1
.LCb49:
	.byte 0x0
.LCb4a:
	.byte 0x2
.LCb4b:
	.byte 0x0
.LCb4c:
	.byte 0x0
.LCb4d:
	.byte 0x0
.LCb4e:
	.byte 0x0
.LCb4f:
	.byte 0x0
.LCb50:
	.byte 0x4c
.LCb51:
	.byte 0x4f
.LCb52:
	.byte 0x47
.LCb53:
	.byte 0x3a
.LCb54:
	.byte 0x20
.LCb55:
	.byte 0x49
.LCb56:
	.byte 0x6e
.LCb57:
	.byte 0x63
.LCb58:
	.byte 0x6f
.LCb59:
	.byte 0x6d
.LCb5a:
	.byte 0x69
.LCb5b:
	.byte 0x6e
.LCb5c:
	.byte 0x67
.LCb5d:
	.byte 0x20
.LCb5e:
	.byte 0x6f
.LCb5f:
	.byte 0x75
.LCb60:
	.byte 0x74
.LCb61:
	.byte 0x20
.LCb62:
	.byte 0x6f
.LCb63:
	.byte 0x66
.LCb64:
	.byte 0x20
.LCb65:
	.byte 0x62
.LCb66:
	.byte 0x6f
.LCb67:
	.byte 0x75
.LCb68:
	.byte 0x6e
.LCb69:
	.byte 0x64
.LCb6a:
	.byte 0x73
.LCb6b:
	.byte 0x20
.LCb6c:
	.byte 0x61
.LCb6d:
	.byte 0x63
.LCb6e:
	.byte 0x63
.LCb6f:
	.byte 0x65
.LCb70:
	.byte 0x73
.LCb71:
	.byte 0x73
.LCb72:
	.byte 0x0
.LCb73:
	.byte 0x0
.LCb74:
	.byte 0x0
.LCb75:
	.byte 0x0
.LCb76:
	.byte 0x0
.LCb77:
	.byte 0x0
.LCb78:
	.byte 0x4c
.LCb79:
	.byte 0x4f
.LCb7a:
	.byte 0x47
.LCb7b:
	.byte 0x3a
.LCb7c:
	.byte 0x20
.LCb7d:
	.byte 0x49
.LCb7e:
	.byte 0x6e
.LCb7f:
	.byte 0x63
.LCb80:
	.byte 0x6f
.LCb81:
	.byte 0x6d
.LCb82:
	.byte 0x69
.LCb83:
	.byte 0x6e
.LCb84:
	.byte 0x67
.LCb85:
	.byte 0x20
.LCb86:
	.byte 0x75
.LCb87:
	.byte 0x73
.LCb88:
	.byte 0x65
.LCb89:
	.byte 0x20
.LCb8a:
	.byte 0x61
.LCb8b:
	.byte 0x66
.LCb8c:
	.byte 0x74
.LCb8d:
	.byte 0x65
.LCb8e:
	.byte 0x72
.LCb8f:
	.byte 0x20
.LCb90:
	.byte 0x66
.LCb91:
	.byte 0x72
.LCb92:
	.byte 0x65
.LCb93:
	.byte 0x65
.LCb94:
	.byte 0x0
.LCb95:
	.byte 0x0
.LCb96:
	.byte 0x0
.LCb97:
	.byte 0x0
.LCb98:
	.byte 0x25
.LCb99:
	.byte 0x73
.LCb9a:
	.byte 0x20
.LCb9b:
	.byte 0x7b
.LCb9c:
	.byte 0x31
.LCb9d:
	.byte 0x7c
.LCb9e:
	.byte 0x32
.LCb9f:
	.byte 0x7d
.LCba0:
	.byte 0xa
.LCba1:
	.byte 0x31
.LCba2:
	.byte 0x3a
.LCba3:
	.byte 0x20
.LCba4:
	.byte 0x4f
.LCba5:
	.byte 0x75
.LCba6:
	.byte 0x74
.LCba7:
	.byte 0x20
.LCba8:
	.byte 0x6f
.LCba9:
	.byte 0x66
.LCbaa:
	.byte 0x20
.LCbab:
	.byte 0x62
.LCbac:
	.byte 0x6f
.LCbad:
	.byte 0x75
.LCbae:
	.byte 0x6e
.LCbaf:
	.byte 0x64
.LCbb0:
	.byte 0x73
.LCbb1:
	.byte 0x20
.LCbb2:
	.byte 0x73
.LCbb3:
	.byte 0x74
.LCbb4:
	.byte 0x61
.LCbb5:
	.byte 0x63
.LCbb6:
	.byte 0x6b
.LCbb7:
	.byte 0x20
.LCbb8:
	.byte 0x61
.LCbb9:
	.byte 0x63
.LCbba:
	.byte 0x63
.LCbbb:
	.byte 0x65
.LCbbc:
	.byte 0x73
.LCbbd:
	.byte 0x73
.LCbbe:
	.byte 0xa
.LCbbf:
	.byte 0x32
.LCbc0:
	.byte 0x3a
.LCbc1:
	.byte 0x20
.LCbc2:
	.byte 0x55
.LCbc3:
	.byte 0x73
.LCbc4:
	.byte 0x65
.LCbc5:
	.byte 0x20
.LCbc6:
	.byte 0x61
.LCbc7:
	.byte 0x66
.LCbc8:
	.byte 0x74
.LCbc9:
	.byte 0x65
.LCbca:
	.byte 0x72
.LCbcb:
	.byte 0x20
.LCbcc:
	.byte 0x66
.LCbcd:
	.byte 0x72
.LCbce:
	.byte 0x65
.LCbcf:
	.byte 0x65
.LCbd0:
	.byte 0x20
.LCbd1:
	.byte 0x73
.LCbd2:
	.byte 0x74
.LCbd3:
	.byte 0x61
.LCbd4:
	.byte 0x63
.LCbd5:
	.byte 0x6b
.LCbd6:
	.byte 0x20
.LCbd7:
	.byte 0x61
.LCbd8:
	.byte 0x63
.LCbd9:
	.byte 0x63
.LCbda:
	.byte 0x65
.LCbdb:
	.byte 0x73
.LCbdc:
	.byte 0x73
.LCbdd:
	.byte 0xa
.LCbde:
	.byte 0x0

.section .got 
.got_start:
.align 12
.LC10f58:
	.byte 0x0
.LC10f59:
	.byte 0x0
.LC10f5a:
	.byte 0x0
.LC10f5b:
	.byte 0x0
.LC10f5c:
	.byte 0x0
.LC10f5d:
	.byte 0x0
.LC10f5e:
	.byte 0x0
.LC10f5f:
	.byte 0x0
.LC10f60:
	.byte 0x0
.LC10f61:
	.byte 0x0
.LC10f62:
	.byte 0x0
.LC10f63:
	.byte 0x0
.LC10f64:
	.byte 0x0
.LC10f65:
	.byte 0x0
.LC10f66:
	.byte 0x0
.LC10f67:
	.byte 0x0
.LC10f68:
	.byte 0x0
.LC10f69:
	.byte 0x0
.LC10f6a:
	.byte 0x0
.LC10f6b:
	.byte 0x0
.LC10f6c:
	.byte 0x0
.LC10f6d:
	.byte 0x0
.LC10f6e:
	.byte 0x0
.LC10f6f:
	.byte 0x0
.LC10f70:
	.byte 0x10
.LC10f71:
	.byte 0x7
.LC10f72:
	.byte 0x0
.LC10f73:
	.byte 0x0
.LC10f74:
	.byte 0x0
.LC10f75:
	.byte 0x0
.LC10f76:
	.byte 0x0
.LC10f77:
	.byte 0x0
.LC10f78:
	.byte 0x10
.LC10f79:
	.byte 0x7
.LC10f7a:
	.byte 0x0
.LC10f7b:
	.byte 0x0
.LC10f7c:
	.byte 0x0
.LC10f7d:
	.byte 0x0
.LC10f7e:
	.byte 0x0
.LC10f7f:
	.byte 0x0
.LC10f80:
	.byte 0x10
.LC10f81:
	.byte 0x7
.LC10f82:
	.byte 0x0
.LC10f83:
	.byte 0x0
.LC10f84:
	.byte 0x0
.LC10f85:
	.byte 0x0
.LC10f86:
	.byte 0x0
.LC10f87:
	.byte 0x0
.LC10f88:
	.byte 0x10
.LC10f89:
	.byte 0x7
.LC10f8a:
	.byte 0x0
.LC10f8b:
	.byte 0x0
.LC10f8c:
	.byte 0x0
.LC10f8d:
	.byte 0x0
.LC10f8e:
	.byte 0x0
.LC10f8f:
	.byte 0x0
.LC10f90:
	.byte 0x10
.LC10f91:
	.byte 0x7
.LC10f92:
	.byte 0x0
.LC10f93:
	.byte 0x0
.LC10f94:
	.byte 0x0
.LC10f95:
	.byte 0x0
.LC10f96:
	.byte 0x0
.LC10f97:
	.byte 0x0
.LC10f98:
	.byte 0x10
.LC10f99:
	.byte 0x7
.LC10f9a:
	.byte 0x0
.LC10f9b:
	.byte 0x0
.LC10f9c:
	.byte 0x0
.LC10f9d:
	.byte 0x0
.LC10f9e:
	.byte 0x0
.LC10f9f:
	.byte 0x0
.LC10fa0:
	.byte 0x10
.LC10fa1:
	.byte 0x7
.LC10fa2:
	.byte 0x0
.LC10fa3:
	.byte 0x0
.LC10fa4:
	.byte 0x0
.LC10fa5:
	.byte 0x0
.LC10fa6:
	.byte 0x0
.LC10fa7:
	.byte 0x0
.LC10fa8:
	.byte 0x10
.LC10fa9:
	.byte 0x7
.LC10faa:
	.byte 0x0
.LC10fab:
	.byte 0x0
.LC10fac:
	.byte 0x0
.LC10fad:
	.byte 0x0
.LC10fae:
	.byte 0x0
.LC10faf:
	.byte 0x0
.LC10fb0:
	.byte 0x10
.LC10fb1:
	.byte 0x7
.LC10fb2:
	.byte 0x0
.LC10fb3:
	.byte 0x0
.LC10fb4:
	.byte 0x0
.LC10fb5:
	.byte 0x0
.LC10fb6:
	.byte 0x0
.LC10fb7:
	.byte 0x0
.LC10fb8:
	.byte 0x58
.LC10fb9:
	.byte 0xd
.LC10fba:
	.byte 0x1
.LC10fbb:
	.byte 0x0
.LC10fbc:
	.byte 0x0
.LC10fbd:
	.byte 0x0
.LC10fbe:
	.byte 0x0
.LC10fbf:
	.byte 0x0
.LC10fc0:
	.byte 0x30
.LC10fc1:
	.byte 0xb
.LC10fc2:
	.byte 0x0
.LC10fc3:
	.byte 0x0
.LC10fc4:
	.byte 0x0
.LC10fc5:
	.byte 0x0
.LC10fc6:
	.byte 0x0
.LC10fc7:
	.byte 0x0
.LC10fc8:
	.byte 0x0
.LC10fc9:
	.byte 0x0
.LC10fca:
	.byte 0x0
.LC10fcb:
	.byte 0x0
.LC10fcc:
	.byte 0x0
.LC10fcd:
	.byte 0x0
.LC10fce:
	.byte 0x0
.LC10fcf:
	.byte 0x0
.LC10fd0:
	.quad __cxa_finalize
.LC10fd8:
	.byte 0x0
.LC10fd9:
	.byte 0x0
.LC10fda:
	.byte 0x0
.LC10fdb:
	.byte 0x0
.LC10fdc:
	.byte 0x0
.LC10fdd:
	.byte 0x0
.LC10fde:
	.byte 0x0
.LC10fdf:
	.byte 0x0
.LC10fe0:
	.quad __stack_chk_guard
.LC10fe8:
	.byte 0xb0
.LC10fe9:
	.byte 0xa
.LC10fea:
	.byte 0x0
.LC10feb:
	.byte 0x0
.LC10fec:
	.byte 0x0
.LC10fed:
	.byte 0x0
.LC10fee:
	.byte 0x0
.LC10fef:
	.byte 0x0
.LC10ff0:
	.quad .LCa38
.LC10ff8:
	.byte 0x0
.LC10ff9:
	.byte 0x0
.LC10ffa:
	.byte 0x0
.LC10ffb:
	.byte 0x0
.LC10ffc:
	.byte 0x0
.LC10ffd:
	.byte 0x0
.LC10ffe:
	.byte 0x0
.LC10fff:
	.byte 0x0
.section .data 
.data_start:
.align 12
.LC11000:
	.byte 0x0
.LC11001:
	.byte 0x0
.LC11002:
	.byte 0x0
.LC11003:
	.byte 0x0
.LC11004:
	.byte 0x0
.LC11005:
	.byte 0x0
.LC11006:
	.byte 0x0
.LC11007:
	.byte 0x0
.LC11008:
	.quad .LC11008
.section .bss 
.bss_start:
.align 12
.type	completed.8500_11010,@object
.globl completed.8500_11010
completed.8500: # 11010 -- 11011
.LC11010:
	.byte 0x0
.LC11011:
	.byte 0x0
.LC11012:
	.byte 0x0
.LC11013:
	.byte 0x0
.LC11014:
	.byte 0x0
.LC11015:
	.byte 0x0
.LC11016:
	.byte 0x0
.LC11017:
	.byte 0x0
.section .text
.align 16
.LC6f8: // filler between functions
	 .byte 0x39
.LC6f9: // filler between functions
	 .byte 0xff
.LC6fa: // filler between functions
	 .byte 0xff
.LC6fb: // filler between functions
	 .byte 0x97
.LC6fc: // filler between functions
	 .byte 0x1f
.LC6fd: // filler between functions
	 .byte 0x4
.LC6fe: // filler between functions
	 .byte 0x0
.LC6ff: // filler between functions
	 .byte 0x71
.LC700: // filler between functions
	 .byte 0x80
.LC701: // filler between functions
	 .byte 0x0
.LC702: // filler between functions
	 .byte 0x0
.LC703: // filler between functions
	 .byte 0x54
.LC704: // filler between functions
	 .byte 0x1f
.LC705: // filler between functions
	 .byte 0x8
.LC706: // filler between functions
	 .byte 0x0
.LC707: // filler between functions
	 .byte 0x71
.LC708: // filler between functions
	 .byte 0x80
.LC709: // filler between functions
	 .byte 0x0
.LC70a: // filler between functions
	 .byte 0x0
.LC70b: // filler between functions
	 .byte 0x54
.LC70c: // filler between functions
	 .byte 0x5
.LC70d: // filler between functions
	 .byte 0x0
.LC70e: // filler between functions
	 .byte 0x0
.LC70f: // filler between functions
	 .byte 0x14
.LC710: // filler between functions
	 .byte 0x90
.LC711: // filler between functions
	 .byte 0xff
.LC712: // filler between functions
	 .byte 0xff
.LC713: // filler between functions
	 .byte 0x97
.LC714: // filler between functions
	 .byte 0x6
.LC715: // filler between functions
	 .byte 0x0
.LC716: // filler between functions
	 .byte 0x0
.LC717: // filler between functions
	 .byte 0x14
.LC718: // filler between functions
	 .byte 0xd3
.LC719: // filler between functions
	 .byte 0xff
.LC71a: // filler between functions
	 .byte 0xff
.LC71b: // filler between functions
	 .byte 0x97
.LC71c: // filler between functions
	 .byte 0x4
.LC71d: // filler between functions
	 .byte 0x0
.LC71e: // filler between functions
	 .byte 0x0
.LC71f: // filler between functions
	 .byte 0x14
.LC720: // filler between functions
	 .byte 0xa0
.LC721: // filler between functions
	 .byte 0xb
.LC722: // filler between functions
	 .byte 0x40
.LC723: // filler between functions
	 .byte 0xf9
.LC724: // filler between functions
	 .byte 0x0
.LC725: // filler between functions
	 .byte 0x0
.LC726: // filler between functions
	 .byte 0x40
.LC727: // filler between functions
	 .byte 0xf9
.LC728: // filler between functions
	 .byte 0xde
.LC729: // filler between functions
	 .byte 0xff
.LC72a: // filler between functions
	 .byte 0xff
.LC72b: // filler between functions
	 .byte 0x97
.LC72c: // filler between functions
	 .byte 0x0
.LC72d: // filler between functions
	 .byte 0x0
.LC72e: // filler between functions
	 .byte 0x80
.LC72f: // filler between functions
	 .byte 0x52
.LC730: // filler between functions
	 .byte 0xfd
.LC731: // filler between functions
	 .byte 0x7b
.LC732: // filler between functions
	 .byte 0xc2
.LC733: // filler between functions
	 .byte 0xa8
.LC734: // filler between functions
	 .byte 0xc0
.LC735: // filler between functions
	 .byte 0x3
.LC736: // filler between functions
	 .byte 0x5f
.LC737: // filler between functions
	 .byte 0xd6
.LC738: // filler between functions
	 .byte 0x0
.LC739: // filler between functions
	 .byte 0x0
.LC73a: // filler between functions
	 .byte 0x0
.LC73b: // filler between functions
	 .byte 0x0
.LC73c: // filler between functions
	 .byte 0xfd
.LC73d: // filler between functions
	 .byte 0x7b
.LC73e: // filler between functions
	 .byte 0xbc
.LC73f: // filler between functions
	 .byte 0xa9
.LC740: // filler between functions
	 .byte 0xfd
.LC741: // filler between functions
	 .byte 0x3
.LC742: // filler between functions
	 .byte 0x0
.LC743: // filler between functions
	 .byte 0x91
.LC744: // filler between functions
	 .byte 0xf4
.LC745: // filler between functions
	 .byte 0xd7
.LC746: // filler between functions
	 .byte 0x1
.LC747: // filler between functions
	 .byte 0xa9
.LC748: // filler between functions
	 .byte 0x94
.LC749: // filler between functions
	 .byte 0x0
.LC74a: // filler between functions
	 .byte 0x0
.LC74b: // filler between functions
	 .byte 0x90
.LC74c: // filler between functions
	 .byte 0x95
.LC74d: // filler between functions
	 .byte 0x0
.LC74e: // filler between functions
	 .byte 0x0
.LC74f: // filler between functions
	 .byte 0x90
.LC750: // filler between functions
	 .byte 0x94
.LC751: // filler between functions
	 .byte 0x42
.LC752: // filler between functions
	 .byte 0x35
.LC753: // filler between functions
	 .byte 0x91
.LC754: // filler between functions
	 .byte 0xb5
.LC755: // filler between functions
	 .byte 0x22
.LC756: // filler between functions
	 .byte 0x35
.LC757: // filler between functions
	 .byte 0x91
.LC758: // filler between functions
	 .byte 0xf6
.LC759: // filler between functions
	 .byte 0xdf
.LC75a: // filler between functions
	 .byte 0x2
.LC75b: // filler between functions
	 .byte 0xa9
.LC75c: // filler between functions
	 .byte 0x94
.LC75d: // filler between functions
	 .byte 0x2
.LC75e: // filler between functions
	 .byte 0x15
.LC75f: // filler between functions
	 .byte 0xcb
.LC760: // filler between functions
	 .byte 0xf8
.LC761: // filler between functions
	 .byte 0x1f
.LC762: // filler between functions
	 .byte 0x0
.LC763: // filler between functions
	 .byte 0xf9
.LC764: // filler between functions
	 .byte 0xf6
.LC765: // filler between functions
	 .byte 0x3
.LC766: // filler between functions
	 .byte 0x0
.LC767: // filler between functions
	 .byte 0x2a
.LC768: // filler between functions
	 .byte 0xf7
.LC769: // filler between functions
	 .byte 0x3
.LC76a: // filler between functions
	 .byte 0x1
.LC76b: // filler between functions
	 .byte 0xaa
.LC76c: // filler between functions
	 .byte 0x94
.LC76d: // filler between functions
	 .byte 0xfe
.LC76e: // filler between functions
	 .byte 0x43
.LC76f: // filler between functions
	 .byte 0x93
.LC770: // filler between functions
	 .byte 0xf8
.LC771: // filler between functions
	 .byte 0x3
.LC772: // filler between functions
	 .byte 0x2
.LC773: // filler between functions
	 .byte 0xaa
.LC774: // filler between functions
	 .byte 0x4
.LC775: // filler between functions
	 .byte 0xff
.LC776: // filler between functions
	 .byte 0xff
.LC777: // filler between functions
	 .byte 0x97
.LC778: // filler between functions
	 .byte 0x94
.LC779: // filler between functions
	 .byte 0x1
.LC77a: // filler between functions
	 .byte 0x0
.LC77b: // filler between functions
	 .byte 0xb4
.LC77c: // filler between functions
	 .byte 0xb3
.LC77d: // filler between functions
	 .byte 0xb
.LC77e: // filler between functions
	 .byte 0x0
.LC77f: // filler between functions
	 .byte 0xf9
.LC780: // filler between functions
	 .byte 0x13
.LC781: // filler between functions
	 .byte 0x0
.LC782: // filler between functions
	 .byte 0x80
.LC783: // filler between functions
	 .byte 0xd2
.LC784: // filler between functions
	 .byte 0xa3
.LC785: // filler between functions
	 .byte 0x7a
.LC786: // filler between functions
	 .byte 0x73
.LC787: // filler between functions
	 .byte 0xf8
.LC788: // filler between functions
	 .byte 0xe2
.LC789: // filler between functions
	 .byte 0x3
.LC78a: // filler between functions
	 .byte 0x18
.LC78b: // filler between functions
	 .byte 0xaa
.LC78c: // filler between functions
	 .byte 0xe1
.LC78d: // filler between functions
	 .byte 0x3
.LC78e: // filler between functions
	 .byte 0x17
.LC78f: // filler between functions
	 .byte 0xaa
.LC790: // filler between functions
	 .byte 0xe0
.LC791: // filler between functions
	 .byte 0x3
.LC792: // filler between functions
	 .byte 0x16
.LC793: // filler between functions
	 .byte 0x2a
.LC794: // filler between functions
	 .byte 0x73
.LC795: // filler between functions
	 .byte 0x6
.LC796: // filler between functions
	 .byte 0x0
.LC797: // filler between functions
	 .byte 0x91
.LC798: // filler between functions
	 .byte 0x60
.LC799: // filler between functions
	 .byte 0x0
.LC79a: // filler between functions
	 .byte 0x3f
.LC79b: // filler between functions
	 .byte 0xd6
.LC79c: // filler between functions
	 .byte 0x9f
.LC79d: // filler between functions
	 .byte 0x2
.LC79e: // filler between functions
	 .byte 0x13
.LC79f: // filler between functions
	 .byte 0xeb
.LC7a0: // filler between functions
	 .byte 0x21
.LC7a1: // filler between functions
	 .byte 0xff
.LC7a2: // filler between functions
	 .byte 0xff
.LC7a3: // filler between functions
	 .byte 0x54
.LC7a4: // filler between functions
	 .byte 0xb3
.LC7a5: // filler between functions
	 .byte 0xb
.LC7a6: // filler between functions
	 .byte 0x40
.LC7a7: // filler between functions
	 .byte 0xf9
.LC7a8: // filler between functions
	 .byte 0xf4
.LC7a9: // filler between functions
	 .byte 0xd7
.LC7aa: // filler between functions
	 .byte 0x41
.LC7ab: // filler between functions
	 .byte 0xa9
.LC7ac: // filler between functions
	 .byte 0xf6
.LC7ad: // filler between functions
	 .byte 0xdf
.LC7ae: // filler between functions
	 .byte 0x42
.LC7af: // filler between functions
	 .byte 0xa9
.LC7b0: // filler between functions
	 .byte 0xf8
.LC7b1: // filler between functions
	 .byte 0x1f
.LC7b2: // filler between functions
	 .byte 0x40
.LC7b3: // filler between functions
	 .byte 0xf9
.LC7b4: // filler between functions
	 .byte 0xfd
.LC7b5: // filler between functions
	 .byte 0x7b
.LC7b6: // filler between functions
	 .byte 0xc4
.LC7b7: // filler between functions
	 .byte 0xa8
.LC7b8: // filler between functions
	 .byte 0xc0
.LC7b9: // filler between functions
	 .byte 0x3
.LC7ba: // filler between functions
	 .byte 0x5f
.LC7bb: // filler between functions
	 .byte 0xd6
.LC7bc: // filler between functions
	 .byte 0xc0
.LC7bd: // filler between functions
	 .byte 0x3
.LC7be: // filler between functions
	 .byte 0x5f
.LC7bf: // filler between functions
	 .byte 0xd6
.LC7c0: // filler between functions
	 .byte 0x1d
.LC7c1: // filler between functions
	 .byte 0x0
.LC7c2: // filler between functions
	 .byte 0x80
.LC7c3: // filler between functions
	 .byte 0xd2
.LC7c4: // filler between functions
	 .byte 0x1e
.LC7c5: // filler between functions
	 .byte 0x0
.LC7c6: // filler between functions
	 .byte 0x80
.LC7c7: // filler between functions
	 .byte 0xd2
.LC7c8: // filler between functions
	 .byte 0xe5
.LC7c9: // filler between functions
	 .byte 0x3
.LC7ca: // filler between functions
	 .byte 0x0
.LC7cb: // filler between functions
	 .byte 0xaa
.LC7cc: // filler between functions
	 .byte 0xe1
.LC7cd: // filler between functions
	 .byte 0x3
.LC7ce: // filler between functions
	 .byte 0x40
.LC7cf: // filler between functions
	 .byte 0xf9
.LC7d0: // filler between functions
	 .byte 0xe2
.LC7d1: // filler between functions
	 .byte 0x23
.LC7d2: // filler between functions
	 .byte 0x0
.LC7d3: // filler between functions
	 .byte 0x91
.LC7d4: // filler between functions
	 .byte 0xe6
.LC7d5: // filler between functions
	 .byte 0x3
.LC7d6: // filler between functions
	 .byte 0x0
.LC7d7: // filler between functions
	 .byte 0x91
.LC7d8: // filler between functions
	 .byte 0x80
.LC7d9: // filler between functions
	 .byte 0x0
.LC7da: // filler between functions
	 .byte 0x0
.LC7db: // filler between functions
	 .byte 0x90
.LC7dc: // filler between functions
	 .byte 0x0
.LC7dd: // filler between functions
	 .byte 0xf8
.LC7de: // filler between functions
	 .byte 0x47
.LC7df: // filler between functions
	 .byte 0xf9
.LC7e0: // filler between functions
	 .byte 0x83
.LC7e1: // filler between functions
	 .byte 0x0
.LC7e2: // filler between functions
	 .byte 0x0
.LC7e3: // filler between functions
	 .byte 0x90
.LC7e4: // filler between functions
	 .byte 0x63
.LC7e5: // filler between functions
	 .byte 0xf4
.LC7e6: // filler between functions
	 .byte 0x47
.LC7e7: // filler between functions
	 .byte 0xf9
.LC7e8: // filler between functions
	 .byte 0x84
.LC7e9: // filler between functions
	 .byte 0x0
.LC7ea: // filler between functions
	 .byte 0x0
.LC7eb: // filler between functions
	 .byte 0x90
.LC7ec: // filler between functions
	 .byte 0x84
.LC7ed: // filler between functions
	 .byte 0xe0
.LC7ee: // filler between functions
	 .byte 0x47
.LC7ef: // filler between functions
	 .byte 0xf9
.LC7f0: // filler between functions
	 .byte 0xdc
.LC7f1: // filler between functions
	 .byte 0xff
.LC7f2: // filler between functions
	 .byte 0xff
.LC7f3: // filler between functions
	 .byte 0x97
.LC7f4: // filler between functions
	 .byte 0xe7
.LC7f5: // filler between functions
	 .byte 0xff
.LC7f6: // filler between functions
	 .byte 0xff
.LC7f7: // filler between functions
	 .byte 0x97
.LC80c: // filler between functions
	 .byte 0x0
.LC80d: // filler between functions
	 .byte 0x0
.LC80e: // filler between functions
	 .byte 0x0
.LC80f: // filler between functions
	 .byte 0x0
.LC810: // filler between functions
	 .byte 0x80
.LC811: // filler between functions
	 .byte 0x0
.LC812: // filler between functions
	 .byte 0x0
.LC813: // filler between functions
	 .byte 0xb0
.LC814: // filler between functions
	 .byte 0x0
.LC815: // filler between functions
	 .byte 0x40
.LC816: // filler between functions
	 .byte 0x0
.LC817: // filler between functions
	 .byte 0x91
.LC818: // filler between functions
	 .byte 0x81
.LC819: // filler between functions
	 .byte 0x0
.LC81a: // filler between functions
	 .byte 0x0
.LC81b: // filler between functions
	 .byte 0xb0
.LC81c: // filler between functions
	 .byte 0x21
.LC81d: // filler between functions
	 .byte 0x40
.LC81e: // filler between functions
	 .byte 0x0
.LC81f: // filler between functions
	 .byte 0x91
.LC820: // filler between functions
	 .byte 0x3f
.LC821: // filler between functions
	 .byte 0x0
.LC822: // filler between functions
	 .byte 0x0
.LC823: // filler between functions
	 .byte 0xeb
.LC824: // filler between functions
	 .byte 0xa0
.LC825: // filler between functions
	 .byte 0x0
.LC826: // filler between functions
	 .byte 0x0
.LC827: // filler between functions
	 .byte 0x54
.LC828: // filler between functions
	 .byte 0x81
.LC829: // filler between functions
	 .byte 0x0
.LC82a: // filler between functions
	 .byte 0x0
.LC82b: // filler between functions
	 .byte 0x90
.LC82c: // filler between functions
	 .byte 0x21
.LC82d: // filler between functions
	 .byte 0xe4
.LC82e: // filler between functions
	 .byte 0x47
.LC82f: // filler between functions
	 .byte 0xf9
.LC830: // filler between functions
	 .byte 0x41
.LC831: // filler between functions
	 .byte 0x0
.LC832: // filler between functions
	 .byte 0x0
.LC833: // filler between functions
	 .byte 0xb4
.LC834: // filler between functions
	 .byte 0x20
.LC835: // filler between functions
	 .byte 0x0
.LC836: // filler between functions
	 .byte 0x1f
.LC837: // filler between functions
	 .byte 0xd6
.LC838: // filler between functions
	 .byte 0xc0
.LC839: // filler between functions
	 .byte 0x3
.LC83a: // filler between functions
	 .byte 0x5f
.LC83b: // filler between functions
	 .byte 0xd6
.LC83c: // filler between functions
	 .byte 0x1f
.LC83d: // filler between functions
	 .byte 0x20
.LC83e: // filler between functions
	 .byte 0x3
.LC83f: // filler between functions
	 .byte 0xd5
.LC840: // filler between functions
	 .byte 0x80
.LC841: // filler between functions
	 .byte 0x0
.LC842: // filler between functions
	 .byte 0x0
.LC843: // filler between functions
	 .byte 0xb0
.LC844: // filler between functions
	 .byte 0x0
.LC845: // filler between functions
	 .byte 0x40
.LC846: // filler between functions
	 .byte 0x0
.LC847: // filler between functions
	 .byte 0x91
.LC848: // filler between functions
	 .byte 0x81
.LC849: // filler between functions
	 .byte 0x0
.LC84a: // filler between functions
	 .byte 0x0
.LC84b: // filler between functions
	 .byte 0xb0
.LC84c: // filler between functions
	 .byte 0x21
.LC84d: // filler between functions
	 .byte 0x40
.LC84e: // filler between functions
	 .byte 0x0
.LC84f: // filler between functions
	 .byte 0x91
.LC850: // filler between functions
	 .byte 0x21
.LC851: // filler between functions
	 .byte 0x0
.LC852: // filler between functions
	 .byte 0x0
.LC853: // filler between functions
	 .byte 0xcb
.LC854: // filler between functions
	 .byte 0x21
.LC855: // filler between functions
	 .byte 0xfc
.LC856: // filler between functions
	 .byte 0x43
.LC857: // filler between functions
	 .byte 0x93
.LC858: // filler between functions
	 .byte 0x21
.LC859: // filler between functions
	 .byte 0xfc
.LC85a: // filler between functions
	 .byte 0x41
.LC85b: // filler between functions
	 .byte 0x8b
.LC85c: // filler between functions
	 .byte 0x21
.LC85d: // filler between functions
	 .byte 0xfc
.LC85e: // filler between functions
	 .byte 0x41
.LC85f: // filler between functions
	 .byte 0x93
.LC860: // filler between functions
	 .byte 0xa1
.LC861: // filler between functions
	 .byte 0x0
.LC862: // filler between functions
	 .byte 0x0
.LC863: // filler between functions
	 .byte 0xb4
.LC864: // filler between functions
	 .byte 0x82
.LC865: // filler between functions
	 .byte 0x0
.LC866: // filler between functions
	 .byte 0x0
.LC867: // filler between functions
	 .byte 0x90
.LC868: // filler between functions
	 .byte 0x42
.LC869: // filler between functions
	 .byte 0xfc
.LC86a: // filler between functions
	 .byte 0x47
.LC86b: // filler between functions
	 .byte 0xf9
.LC86c: // filler between functions
	 .byte 0x42
.LC86d: // filler between functions
	 .byte 0x0
.LC86e: // filler between functions
	 .byte 0x0
.LC86f: // filler between functions
	 .byte 0xb4
.LC870: // filler between functions
	 .byte 0x40
.LC871: // filler between functions
	 .byte 0x0
.LC872: // filler between functions
	 .byte 0x1f
.LC873: // filler between functions
	 .byte 0xd6
.LC874: // filler between functions
	 .byte 0xc0
.LC875: // filler between functions
	 .byte 0x3
.LC876: // filler between functions
	 .byte 0x5f
.LC877: // filler between functions
	 .byte 0xd6
.LC878: // filler between functions
	 .byte 0xfd
.LC879: // filler between functions
	 .byte 0x7b
.LC87a: // filler between functions
	 .byte 0xbe
.LC87b: // filler between functions
	 .byte 0xa9
.LC87c: // filler between functions
	 .byte 0xfd
.LC87d: // filler between functions
	 .byte 0x3
.LC87e: // filler between functions
	 .byte 0x0
.LC87f: // filler between functions
	 .byte 0x91
.LC880: // filler between functions
	 .byte 0xf3
.LC881: // filler between functions
	 .byte 0xb
.LC882: // filler between functions
	 .byte 0x0
.LC883: // filler between functions
	 .byte 0xf9
.LC884: // filler between functions
	 .byte 0x93
.LC885: // filler between functions
	 .byte 0x0
.LC886: // filler between functions
	 .byte 0x0
.LC887: // filler between functions
	 .byte 0xb0
.LC888: // filler between functions
	 .byte 0x60
.LC889: // filler between functions
	 .byte 0x42
.LC88a: // filler between functions
	 .byte 0x40
.LC88b: // filler between functions
	 .byte 0x39
.LC88c: // filler between functions
	 .byte 0x40
.LC88d: // filler between functions
	 .byte 0x1
.LC88e: // filler between functions
	 .byte 0x0
.LC88f: // filler between functions
	 .byte 0x35
.LC890: // filler between functions
	 .byte 0x80
.LC891: // filler between functions
	 .byte 0x0
.LC892: // filler between functions
	 .byte 0x0
.LC893: // filler between functions
	 .byte 0x90
.LC894: // filler between functions
	 .byte 0x0
.LC895: // filler between functions
	 .byte 0xe8
.LC896: // filler between functions
	 .byte 0x47
.LC897: // filler between functions
	 .byte 0xf9
.LC898: // filler between functions
	 .byte 0x80
.LC899: // filler between functions
	 .byte 0x0
.LC89a: // filler between functions
	 .byte 0x0
.LC89b: // filler between functions
	 .byte 0xb4
.LC89c: // filler between functions
	 .byte 0x80
.LC89d: // filler between functions
	 .byte 0x0
.LC89e: // filler between functions
	 .byte 0x0
.LC89f: // filler between functions
	 .byte 0xb0
.LC8a0: // filler between functions
	 .byte 0x0
.LC8a1: // filler between functions
	 .byte 0x4
.LC8a2: // filler between functions
	 .byte 0x40
.LC8a3: // filler between functions
	 .byte 0xf9
.LC8a4: // filler between functions
	 .byte 0xa7
.LC8a5: // filler between functions
	 .byte 0xff
.LC8a6: // filler between functions
	 .byte 0xff
.LC8a7: // filler between functions
	 .byte 0x97
.LC8a8: // filler between functions
	 .byte 0xda
.LC8a9: // filler between functions
	 .byte 0xff
.LC8aa: // filler between functions
	 .byte 0xff
.LC8ab: // filler between functions
	 .byte 0x97
.LC8ac: // filler between functions
	 .byte 0x20
.LC8ad: // filler between functions
	 .byte 0x0
.LC8ae: // filler between functions
	 .byte 0x80
.LC8af: // filler between functions
	 .byte 0x52
.LC8b0: // filler between functions
	 .byte 0x60
.LC8b1: // filler between functions
	 .byte 0x42
.LC8b2: // filler between functions
	 .byte 0x0
.LC8b3: // filler between functions
	 .byte 0x39
.LC8b4: // filler between functions
	 .byte 0xf3
.LC8b5: // filler between functions
	 .byte 0xb
.LC8b6: // filler between functions
	 .byte 0x40
.LC8b7: // filler between functions
	 .byte 0xf9
.LC8b8: // filler between functions
	 .byte 0xfd
.LC8b9: // filler between functions
	 .byte 0x7b
.LC8ba: // filler between functions
	 .byte 0xc2
.LC8bb: // filler between functions
	 .byte 0xa8
.LC8bc: // filler between functions
	 .byte 0xc0
.LC8bd: // filler between functions
	 .byte 0x3
.LC8be: // filler between functions
	 .byte 0x5f
.LC8bf: // filler between functions
	 .byte 0xd6
.LC8c0: // filler between functions
	 .byte 0xe0
.LC8c1: // filler between functions
	 .byte 0xff
.LC8c2: // filler between functions
	 .byte 0xff
.LC8c3: // filler between functions
	 .byte 0x17
	.text
.globl oob
.type oob, @function
oob:
.L8c4:
.LC8c4:
	stp x29, x30, [sp, #-0x30]!
.LC8c8:
	mov x29, sp
.LC8cc:
	adrp x0, (.got_start - 0)
	sub x0, x0, 3928
.LC8d0:
.LC_ASAN_ENTER_8d0: # 8d0: ldr x0, [x0, #0xfe0]: frozenset({'x9', 'x15', 'x1', 'x11', 'x10', 'x8', 'x13', 'x14', 'x12'})
		mrs x11, nzcv
	add x15, x0, 4064
	mov x12, 0x1000000000
	lsr		x14, x15, 3
	ldrsb		w13, [x12, x14]
	cbz		w13, .LC_ASAN_EX_2256

	mov      x0, x15
	bl       __asan_report_load8_noabort

.LC_ASAN_EX_2256:
	msr nzcv, x11
	ldr x0, [x0, #0xfe0]
.LC8d4:
.LC_ASAN_ENTER_8d4: # 8d4: ldr x1, [x0]: frozenset({'x9', 'x15', 'x1', 'x11', 'x10', 'x8', 'x13', 'x14', 'x12'})
		mrs x11, nzcv
	mov x12, 0x1000000000
	lsr		x14, x0, 3
	ldrsb		w13, [x12, x14]
	cbz		w13, .LC_ASAN_EX_2260

	mov      x0, x0
	bl       __asan_report_load8_noabort

.LC_ASAN_EX_2260:
	msr nzcv, x11
	ldr x1, [x0]
.LC8d8:
	str x1, [x29, #0x28]
.LC8dc:
	movz x1, #0
.LC8e0:
	adrp x0, (.rodata_start - 0)
	sub x0, x0, 2888
.LC8e4:
	add x0, x0, #0xb50
.LC8e8:
	bl puts
.LC8ec:
	movz w0, #0x2a
.LC8f0:
	strb w0, [x29, #0x29]
.LC8f4:
	nop 
.LC8f8:
	adrp x0, (.got_start - 0)
	sub x0, x0, 3928
.LC8fc:
.LC_ASAN_ENTER_8fc: # 8fc: ldr x0, [x0, #0xfe0]: frozenset({'x9', 'x15', 'x1', 'x11', 'x10', 'x8', 'x13', 'x14', 'x12'})
		mrs x11, nzcv
	add x15, x0, 4064
	mov x12, 0x1000000000
	lsr		x14, x15, 3
	ldrsb		w13, [x12, x14]
	cbz		w13, .LC_ASAN_EX_2300

	mov      x0, x15
	bl       __asan_report_load8_noabort

.LC_ASAN_EX_2300:
	msr nzcv, x11
	ldr x0, [x0, #0xfe0]
.LC900:
	ldr x1, [x29, #0x28]
.LC904:
.LC_ASAN_ENTER_904: # 904: ldr x0, [x0]: frozenset({'x9', 'x15', 'x11', 'x10', 'x8', 'x13', 'x14', 'x12'})
		mrs x11, nzcv
	mov x12, 0x1000000000
	lsr		x14, x0, 3
	ldrsb		w13, [x12, x14]
	cbz		w13, .LC_ASAN_EX_2308

	mov      x0, x0
	bl       __asan_report_load8_noabort

.LC_ASAN_EX_2308:
	msr nzcv, x11
	ldr x0, [x0]
.LC908:
	eor x0, x1, x0
.LC90c:
	cmp x0, #0
.LC910:
	b.eq .LC918
.LC914:
	bl __stack_chk_fail
.L918:
.LC918:
	ldp x29, x30, [sp], #0x30
.LC91c:
	ret 
.size oob,.-oob
.ltorg
	.text
.globl uafhelper
.type uafhelper, @function
uafhelper:
.L920:
.LC920:
	stp x29, x30, [sp, #-0x40]!
.LC924:
	mov x29, sp
.LC928:
	str x0, [x29, #0x18]
.LC92c:
	adrp x0, (.got_start - 0)
	sub x0, x0, 3928
.LC930:
.LC_ASAN_ENTER_930: # 930: ldr x0, [x0, #0xfe0]: frozenset({'x9', 'x15', 'x5', 'x11', 'x10', 'x8', 'x13', 'x14', 'x12', 'x7', 'x6'})
		mrs x11, nzcv
	add x15, x0, 4064
	mov x12, 0x1000000000
	lsr		x14, x15, 3
	ldrsb		w13, [x12, x14]
	cbz		w13, .LC_ASAN_EX_2352

	mov      x0, x15
	bl       __asan_report_load8_noabort

.LC_ASAN_EX_2352:
	msr nzcv, x11
	ldr x0, [x0, #0xfe0]
.LC934:
.LC_ASAN_ENTER_934: # 934: ldr x9, [x0]: frozenset({'x9', 'x15', 'x5', 'x11', 'x10', 'x8', 'x13', 'x14', 'x12', 'x7', 'x6'})
		mrs x11, nzcv
	mov x12, 0x1000000000
	lsr		x14, x0, 3
	ldrsb		w13, [x12, x14]
	cbz		w13, .LC_ASAN_EX_2356

	mov      x0, x0
	bl       __asan_report_load8_noabort

.LC_ASAN_EX_2356:
	msr nzcv, x11
	ldr x9, [x0]
.LC938:
	str x9, [x29, #0x38]
.LC93c:
	movz x9, #0
.LC940:
	mov x0, sp
.LC944:
	mov x10, x0
.LC948:
	ldr x0, [x29, #0x18]
.LC94c:
	mov x9, x0
.LC950:
	sub x9, x9, #1
.LC954:
	str x9, [x29, #0x28]
.LC958:
	mov x7, x0
.LC95c:
	movz x8, #0
.LC960:
	lsr x9, x7, #0x3d
.LC964:
	lsl x4, x8, #3
.LC968:
	orr x4, x9, x4
.LC96c:
	lsl x3, x7, #3
.LC970:
	mov x5, x0
.LC974:
	movz x6, #0
.LC978:
	lsr x3, x5, #0x3d
.LC97c:
	lsl x2, x6, #3
.LC980:
	orr x2, x3, x2
.LC984:
	lsl x1, x5, #3
.LC988:
	add x0, x0, #0xf
.LC98c:
	lsr x0, x0, #4
.LC990:
	lsl x0, x0, #4
.LC994:
	sub sp, sp, x0
.LC998:
	mov x0, sp
.LC99c:
	add x0, x0, #0
.LC9a0:
	str x0, [x29, #0x30]
.LC9a4:
	movz x0, #0
.LC9a8:
	mov sp, x10
.LC9ac:
	adrp x1, (.got_start - 0)
	sub x1, x1, 3928
.LC9b0:
.LC_ASAN_ENTER_9b0: # 9b0: ldr x1, [x1, #0xfe0]: frozenset({'x9', 'x15', 'x2', 'x11', 'x10', 'x8', 'x13', 'x14', 'x12'})
		mrs x11, nzcv
	add x15, x1, 4064
	mov x12, 0x1000000000
	lsr		x14, x15, 3
	ldrsb		w13, [x12, x14]
	cbz		w13, .LC_ASAN_EX_2480

	mov      x0, x15
	bl       __asan_report_load8_noabort

.LC_ASAN_EX_2480:
	msr nzcv, x11
	ldr x1, [x1, #0xfe0]
.LC9b4:
	ldr x2, [x29, #0x38]
.LC9b8:
.LC_ASAN_ENTER_9b8: # 9b8: ldr x1, [x1]: frozenset({'x9', 'x15', 'x11', 'x10', 'x8', 'x13', 'x14', 'x12'})
		mrs x11, nzcv
	mov x12, 0x1000000000
	lsr		x14, x1, 3
	ldrsb		w13, [x12, x14]
	cbz		w13, .LC_ASAN_EX_2488

	mov      x0, x1
	bl       __asan_report_load8_noabort

.LC_ASAN_EX_2488:
	msr nzcv, x11
	ldr x1, [x1]
.LC9bc:
	eor x1, x2, x1
.LC9c0:
	cmp x1, #0
.LC9c4:
	b.eq .LC9cc
.LC9c8:
	bl __stack_chk_fail
.L9cc:
.LC9cc:
	mov sp, x29
.LC9d0:
	ldp x29, x30, [sp], #0x40
.LC9d4:
	ret 
.size uafhelper,.-uafhelper
.ltorg
	.text
.globl uaf
.type uaf, @function
uaf:
.L9d8:
.LC9d8:
	stp x29, x30, [sp, #-0x20]!
.LC9dc:
	mov x29, sp
.LC9e0:
	adrp x0, (.rodata_start - 0)
	sub x0, x0, 2888
.LC9e4:
	add x0, x0, #0xb78
.LC9e8:
	bl puts
.LC9ec:
	movz x0, #0xf
.LC9f0:
	bl .LC920
.LC9f4:
	str x0, [x29, #0x18]
.LC9f8:
	ldr x0, [x29, #0x18]
.LC9fc:
	add x0, x0, #7
.LCa00:
	movz w1, #0x2a
.LCa04:
.LC_ASAN_ENTER_a04: # a04: strb w1, [x0]: frozenset({'x9', 'x15', 'x11', 'x10', 'x8', 'x13', 'x14', 'x12'})
		mrs x11, nzcv
	mov x12, 0x1000000000
	lsr	x14, x0, 3
	ldrsb	x13, [x12, x14]
	cbz	x13, .LC_ASAN_EX_2564
	and	x14, x0, 7
	cmp	x14, x13
	b.lt	.LC_ASAN_EX_2564

	mov      x0, x0
	bl       __asan_report_store1_noabort

.LC_ASAN_EX_2564:
	msr nzcv, x11
	strb w1, [x0]
.LCa08:
	nop 
.LCa0c:
	ldp x29, x30, [sp], #0x20
.LCa10:
	ret 
.size uaf,.-uaf
.ltorg
	.text
.globl usage
.type usage, @function
usage:
.La14:
.LCa14:
	stp x29, x30, [sp, #-0x20]!
.LCa18:
	mov x29, sp
.LCa1c:
	str x0, [x29, #0x18]
.LCa20:
	adrp x0, (.rodata_start - 0)
	sub x0, x0, 2888
.LCa24:
	add x0, x0, #0xb98
.LCa28:
	ldr x1, [x29, #0x18]
.LCa2c:
	bl printf
.LCa30:
	movn w0, #0
.LCa34:
	bl exit
.size usage,.-usage
.ltorg
	.text
.globl main
.type main, @function
main:
.La38:
.LCa38:
	stp x29, x30, [sp, #-0x20]!
.LCa3c:
	mov x29, sp
.LCa40:
	str w0, [x29, #0x1c]
.LCa44:
	str x1, [x29, #0x10]
.LCa48:
	ldr w0, [x29, #0x1c]
.LCa4c:
	cmp w0, #2
.LCa50:
	b.eq .LCa60
.LCa54:
	ldr x0, [x29, #0x10]
.LCa58:
.LC_ASAN_ENTER_a58: # a58: ldr x0, [x0]: frozenset({'x9', 'x15', 'x11', 'x10', 'x8', 'x13', 'x14', 'x12'})
		mrs x11, nzcv
	mov x12, 0x1000000000
	lsr		x14, x0, 3
	ldrsb		w13, [x12, x14]
	cbz		w13, .LC_ASAN_EX_2648

	mov      x0, x0
	bl       __asan_report_load8_noabort

.LC_ASAN_EX_2648:
	msr nzcv, x11
	ldr x0, [x0]
.LCa5c:
	bl .LCa14
.La60:
.LCa60:
	ldr x0, [x29, #0x10]
.LCa64:
	add x0, x0, #8
.LCa68:
.LC_ASAN_ENTER_a68: # a68: ldr x0, [x0]: frozenset({'x9', 'x15', 'x11', 'x10', 'x8', 'x13', 'x14', 'x12'})
		mrs x11, nzcv
	mov x12, 0x1000000000
	lsr		x14, x0, 3
	ldrsb		w13, [x12, x14]
	cbz		w13, .LC_ASAN_EX_2664

	mov      x0, x0
	bl       __asan_report_load8_noabort

.LC_ASAN_EX_2664:
	msr nzcv, x11
	ldr x0, [x0]
.LCa6c:
	bl atoi
.LCa70:
	cmp w0, #1
.LCa74:
	b.eq .LCa84
.LCa78:
	cmp w0, #2
.LCa7c:
	b.eq .LCa8c
.LCa80:
	b .LCa94
.La84:
.LCa84:
	bl .LC8c4
.LCa88:
	b .LCaa0
.La8c:
.LCa8c:
	bl .LC9d8
.LCa90:
	b .LCaa0
.La94:
.LCa94:
	ldr x0, [x29, #0x10]
.LCa98:
.LC_ASAN_ENTER_a98: # a98: ldr x0, [x0]: frozenset({'x9', 'x15', 'x11', 'x10', 'x8', 'x13', 'x14', 'x12'})
		mrs x11, nzcv
	mov x12, 0x1000000000
	lsr		x14, x0, 3
	ldrsb		w13, [x12, x14]
	cbz		w13, .LC_ASAN_EX_2712

	mov      x0, x0
	bl       __asan_report_load8_noabort

.LC_ASAN_EX_2712:
	msr nzcv, x11
	ldr x0, [x0]
.LCa9c:
	bl .LCa14
.Laa0:
.LCaa0:
	movz w0, #0
.LCaa4:
	ldp x29, x30, [sp], #0x20
.LCaa8:
	ret 
.size main,.-main
.ltorg
.LCaac: // filler between functions
	 .byte 0x0
.LCaad: // filler between functions
	 .byte 0x0
.LCaae: // filler between functions
	 .byte 0x0
.LCaaf: // filler between functions
	 .byte 0x0
