Num:	Value	Size	Type	Bind	Vis	Ndx	Name
805:	00000000001112c8	188	FUNC	GLOBAL	DEFAULT	12	_ZN7android13MPEG2TSWriterC2EPvPFlS1_PKvmE
1903:	00000000001112c8	188	FUNC	GLOBAL	DEFAULT	12	_ZN7android13MPEG2TSWriterC1EPvPFlS1_PKvmE
807:	00000000000e1d10	8	FUNC	GLOBAL	DEFAULT	12	_ZN7android9AMRWriter10reachedEOSEv
1176:	00000000000e1d10	8	FUNC	GLOBAL	DEFAULT	12	_ZN7android9AACWriter10reachedEOSEv
1267:	00000000000e1d10	8	FUNC	GLOBAL	DEFAULT	12	_ZNK7android11MPEG4Writer19isRealTimeRecordingEv
809:	00000000001855d0	8	FUNC	GLOBAL	DEFAULT	12	_ZN7android17RemoteMediaSource5pauseEv
1607:	00000000001855d0	8	FUNC	GLOBAL	DEFAULT	12	_ZN7android17RemoteMediaSource13setStopTimeUsEl
811:	0000000000176838	684	FUNC	GLOBAL	DEFAULT	12	_ZN7android10MediaMuxerD2Ev
2394:	0000000000176838	684	FUNC	GLOBAL	DEFAULT	12	_ZN7android10MediaMuxerD1Ev
812:	00000000001a9588	1164	FUNC	GLOBAL	DEFAULT	12	_ZN7android11MediaFilterD2Ev
2396:	00000000001a9588	1164	FUNC	GLOBAL	DEFAULT	12	_ZN7android11MediaFilterD1Ev
815:	00000000001104e0	644	FUNC	GLOBAL	DEFAULT	12	_ZN7android13MPEG2TSWriterD2Ev
2402:	00000000001104e0	644	FUNC	GLOBAL	DEFAULT	12	_ZN7android13MPEG2TSWriterD1Ev
836:	00000000001bca60	80	FUNC	GLOBAL	DEFAULT	12	_ZN7android10WebmStringC1EmPKc
1980:	00000000001bca60	80	FUNC	GLOBAL	DEFAULT	12	_ZN7android10WebmStringC2EmPKc
837:	00000000000d7000	240	FUNC	GLOBAL	DEFAULT	12	_ZN7android6ACodec13FlushingStateC2EPS0_
1412:	00000000000d7000	240	FUNC	GLOBAL	DEFAULT	12	_ZN7android6ACodec13FlushingStateC1EPS0_
850:	00000000000dc760	888	FUNC	GLOBAL	DEFAULT	12	_ZN7android19ACodecBufferChannelD1Ev
936:	00000000000dc760	888	FUNC	GLOBAL	DEFAULT	12	_ZN7android19ACodecBufferChannelD2Ev
860:	0000000000188de8	296	FUNC	GLOBAL	DEFAULT	12	_ZN7android13SkipCutBufferC1Emmm
1323:	0000000000188de8	296	FUNC	GLOBAL	DEFAULT	12	_ZN7android13SkipCutBufferC2Emmm
866:	00000000000b9558	4	FUNC	GLOBAL	DEFAULT	12	_ZN7android6ACodec17IdleToLoadedState12stateEnteredEv
982:	00000000000b9558	4	FUNC	GLOBAL	DEFAULT	12	_ZN7android6ACodec20IdleToExecutingState12stateEnteredEv
1158:	00000000000b9558	4	FUNC	GLOBAL	DEFAULT	12	_ZN7android20CameraSourceListener6notifyEiii
1663:	00000000000b9558	4	FUNC	GLOBAL	DEFAULT	12	_ZN7android6ACodec30OutputPortSettingsChangedState12stateEnteredEv
1830:	00000000000b9558	4	FUNC	GLOBAL	DEFAULT	12	_ZN7android21GraphicBufferListener17onBuffersReleasedEv
1987:	00000000000b9558	4	FUNC	GLOBAL	DEFAULT	12	_ZN7android11MediaFilter21signalRequestIDRFrameEv
2237:	00000000000b9558	4	FUNC	GLOBAL	DEFAULT	12	_ZN7android11WebmElementD1Ev
2341:	00000000000b9558	4	FUNC	GLOBAL	DEFAULT	12	_ZN7android11WebmElementD2Ev
885:	00000000001359b0	764	FUNC	GLOBAL	DEFAULT	12	_ZN7android10MediaClockD1Ev
975:	00000000001359b0	764	FUNC	GLOBAL	DEFAULT	12	_ZN7android10MediaClockD2Ev
888:	00000000001b3968	256	FUNC	GLOBAL	DEFAULT	12	_ZN22ScriptC_saturationARGBD1Ev
980:	00000000001b3968	256	FUNC	GLOBAL	DEFAULT	12	_ZN22ScriptC_saturationARGBD2Ev
889:	00000000001601d0	848	FUNC	GLOBAL	DEFAULT	12	_ZN7android16MediaCodecSource6PullerC2ERKNS_2spINS_11MediaSourceEEE
978:	00000000001601d0	848	FUNC	GLOBAL	DEFAULT	12	_ZN7android16MediaCodecSource6PullerC1ERKNS_2spINS_11MediaSourceEEE
910:	00000000001bc6d8	36	FUNC	GLOBAL	DEFAULT	12	_ZN7android9WebmFloatC2Emd
1167:	00000000001bc6d8	36	FUNC	GLOBAL	DEFAULT	12	_ZN7android9WebmFloatC1Emd
912:	00000000001bc760	40	FUNC	GLOBAL	DEFAULT	12	_ZN7android9WebmFloatC2Emf
1171:	00000000001bc760	40	FUNC	GLOBAL	DEFAULT	12	_ZN7android9WebmFloatC1Emf
932:	00000000000e99a8	560	FUNC	GLOBAL	DEFAULT	12	_ZN7android18SharedMemoryBufferC1ERKNS_2spINS_8AMessageEEERKNS1_INS_7IMemoryEEE
1901:	00000000000e99a8	560	FUNC	GLOBAL	DEFAULT	12	_ZN7android18SharedMemoryBufferC2ERKNS_2spINS_8AMessageEEERKNS1_INS_7IMemoryEEE
935:	000000000010cdc8	204	FUNC	GLOBAL	DEFAULT	12	_ZN7android13MPEG2TSWriterC1Ei
1039:	000000000010cdc8	204	FUNC	GLOBAL	DEFAULT	12	_ZN7android13MPEG2TSWriterC2Ei
949:	00000000001a8a90	928	FUNC	GLOBAL	DEFAULT	12	_ZN7android11MediaFilterC1Ev
1061:	00000000001a8a90	928	FUNC	GLOBAL	DEFAULT	12	_ZN7android11MediaFilterC2Ev
968:	00000000000d6868	244	FUNC	GLOBAL	DEFAULT	12	_ZN7android6ACodec18UninitializedStateC2EPS0_
1551:	00000000000d6868	244	FUNC	GLOBAL	DEFAULT	12	_ZN7android6ACodec18UninitializedStateC1EPS0_
969:	000000000016e078	1284	FUNC	GLOBAL	DEFAULT	12	_ZN7android9MediaSyncD1Ev
1072:	000000000016e078	1284	FUNC	GLOBAL	DEFAULT	12	_ZN7android9MediaSyncD2Ev
972:	00000000001bc678	84	FUNC	GLOBAL	DEFAULT	12	_ZN7android12WebmUnsignedC1Emm
2411:	00000000001bc678	84	FUNC	GLOBAL	DEFAULT	12	_ZN7android12WebmUnsignedC2Emm
979:	000000000018ef48	300	FUNC	GLOBAL	DEFAULT	12	_ZN7android23StagefrightPluginLoaderC1EPKc
1461:	000000000018ef48	300	FUNC	GLOBAL	DEFAULT	12	_ZN7android23StagefrightPluginLoaderC2EPKc
988:	00000000000d6b40	240	FUNC	GLOBAL	DEFAULT	12	_ZN7android6ACodec20IdleToExecutingStateC2EPS0_
1575:	00000000000d6b40	240	FUNC	GLOBAL	DEFAULT	12	_ZN7android6ACodec20IdleToExecutingStateC1EPS0_
991:	00000000000d6960	240	FUNC	GLOBAL	DEFAULT	12	_ZN7android6ACodec11LoadedStateC2EPS0_
1576:	00000000000d6960	240	FUNC	GLOBAL	DEFAULT	12	_ZN7android6ACodec11LoadedStateC1EPS0_
1000:	000000000018a658	712	FUNC	GLOBAL	DEFAULT	12	_ZN7android28StagefrightMetadataRetrieverD1Ev
1087:	000000000018a658	712	FUNC	GLOBAL	DEFAULT	12	_ZN7android28StagefrightMetadataRetrieverD2Ev
1007:	00000000000e2ec8	32	FUNC	GLOBAL	DEFAULT	12	_ZN7android9AACWriter24exceedsFileDurationLimitEv
1890:	00000000000e2ec8	32	FUNC	GLOBAL	DEFAULT	12	_ZN7android9AMRWriter24exceedsFileDurationLimitEv
1035:	0000000000132e48	1900	FUNC	GLOBAL	DEFAULT	12	_ZN7android11MPEG4Writer5TrackC1EPS0_RKNS_2spINS_11MediaSourceEEEm
1943:	0000000000132e48	1900	FUNC	GLOBAL	DEFAULT	12	_ZN7android11MPEG4Writer5TrackC2EPS0_RKNS_2spINS_11MediaSourceEEEm
1046:	00000000001b0e38	684	FUNC	GLOBAL	DEFAULT	12	_ZN7android8RSFilterD1Ev
1148:	00000000001b0e38	684	FUNC	GLOBAL	DEFAULT	12	_ZN7android8RSFilterD2Ev
1077:	00000000000d1fd0	12	FUNC	GLOBAL	DEFAULT	12	_ZN7android12FrameDecoderD0Ev
2143:	00000000000d1fd0	12	FUNC	GLOBAL	DEFAULT	12	_ZN7android11WebmElementD0Ev
1089:	0000000000199a98	36	FUNC	GLOBAL	DEFAULT	12	_ZN7android19VideoFrameScheduler3PLLC1Ev
1195:	0000000000199a98	36	FUNC	GLOBAL	DEFAULT	12	_ZN7android19VideoFrameScheduler3PLLC2Ev
1090:	0000000000101778	68	FUNC	GLOBAL	DEFAULT	12	_ZN7android17VideoFrameDecoderC2ERKNS_7AStringERKNS_2spINS_8MetaDataEEERKNS4_INS_12IMediaSourceEEE
2074:	0000000000101778	68	FUNC	GLOBAL	DEFAULT	12	_ZN7android17VideoFrameDecoderC1ERKNS_7AStringERKNS_2spINS_8MetaDataEEERKNS4_INS_12IMediaSourceEEE
1102:	0000000000198388	384	FUNC	GLOBAL	DEFAULT	12	_ZN7android7HLSTimeC2ERKNS_2spINS_8AMessageEEE
2045:	0000000000198388	384	FUNC	GLOBAL	DEFAULT	12	_ZN7android7HLSTimeC1ERKNS_2spINS_8AMessageEEE
1115:	00000000001bc788	240	FUNC	GLOBAL	DEFAULT	12	_ZN7android10WebmBinaryC1EmRKNS_2spINS_7ABufferEEE
1870:	00000000001bc788	240	FUNC	GLOBAL	DEFAULT	12	_ZN7android10WebmBinaryC2EmRKNS_2spINS_7ABufferEEE
1131:	0000000000135880	304	FUNC	GLOBAL	DEFAULT	12	_ZN7android10MediaClockC1Ev
1226:	0000000000135880	304	FUNC	GLOBAL	DEFAULT	12	_ZN7android10MediaClockC2Ev
1147:	00000000001c4010	64	FUNC	GLOBAL	DEFAULT	12	_ZN7android19WebmFrameSinkThreadC1ERKiRKmNS_2spINS_21WebmFrameSourceThreadEEES7_RNS_4ListINS5_INS_11WebmElementEEEEE
2405:	00000000001c4010	64	FUNC	GLOBAL	DEFAULT	12	_ZN7android19WebmFrameSinkThreadC2ERKiRKmNS_2spINS_21WebmFrameSourceThreadEEES7_RNS_4ListINS5_INS_11WebmElementEEEEE
1152:	00000000000e9ef8	624	FUNC	GLOBAL	DEFAULT	12	_ZN7android18SharedMemoryBufferC2ERKNS_2spINS_8AMessageEEERKNS1_INS_4hidl6memory4V1_07IMemoryEEE
1200:	00000000000e9ef8	624	FUNC	GLOBAL	DEFAULT	12	_ZN7android18SharedMemoryBufferC1ERKNS_2spINS_8AMessageEEERKNS1_INS_4hidl6memory4V1_07IMemoryEEE
1153:	000000000017c338	12	FUNC	GLOBAL	DEFAULT	12	_ZN7android16NuMediaExtractor6SampleC1Ev
1247:	000000000017c338	12	FUNC	GLOBAL	DEFAULT	12	_ZN7android16NuMediaExtractor6SampleC2Ev
1170:	00000000000e6cd0	220	FUNC	GLOBAL	DEFAULT	12	_ZN7android21AudioPresentationInfoD1Ev
1269:	00000000000e6cd0	220	FUNC	GLOBAL	DEFAULT	12	_ZN7android21AudioPresentationInfoD2Ev
1173:	00000000000ff7c0	896	FUNC	GLOBAL	DEFAULT	12	_ZN7android12FrameDecoderD1Ev
1273:	00000000000ff7c0	896	FUNC	GLOBAL	DEFAULT	12	_ZN7android12FrameDecoderD2Ev
1174:	0000000000169ef0	124	FUNC	GLOBAL	DEFAULT	12	_ZThn8_N7android16MediaCodecSource20signalBufferReturnedEPNS_15MediaBufferBaseE
2318:	0000000000169ef0	124	FUNC	GLOBAL	DEFAULT	12	_ZN7android16MediaCodecSource20signalBufferReturnedEPNS_15MediaBufferBaseE
1177:	00000000000abe78	8	FUNC	GLOBAL	DEFAULT	12	_ZN7android13MPEG2TSWriter4dumpEiRKNS_6VectorINS_8String16EEE
1907:	00000000000abe78	8	FUNC	GLOBAL	DEFAULT	12	_ZN7android6ACodec9BaseState11getPortModeEj
1963:	00000000000abe78	8	FUNC	GLOBAL	DEFAULT	12	_ZN7android17HevcParameterSets8parsePpsEPKhm
2301:	00000000000abe78	8	FUNC	GLOBAL	DEFAULT	12	_ZNK7android13DataURISource9initCheckEv
1194:	00000000001606c8	660	FUNC	GLOBAL	DEFAULT	12	_ZN7android16MediaCodecSource6PullerD1Ev
1290:	00000000001606c8	660	FUNC	GLOBAL	DEFAULT	12	_ZN7android16MediaCodecSource6PullerD2Ev
1205:	00000000000d6e18	244	FUNC	GLOBAL	DEFAULT	12	_ZN7android6ACodec20ExecutingToIdleStateC1EPS0_
2339:	00000000000d6e18	244	FUNC	GLOBAL	DEFAULT	12	_ZN7android6ACodec20ExecutingToIdleStateC2EPS0_
1215:	0000000000109b58	880	FUNC	GLOBAL	DEFAULT	12	_ZN7android13MPEG2TSWriter10SourceInfoC2ERKNS_2spINS_11MediaSourceEEE
1865:	0000000000109b58	880	FUNC	GLOBAL	DEFAULT	12	_ZN7android13MPEG2TSWriter10SourceInfoC1ERKNS_2spINS_11MediaSourceEEE
1221:	000000000016d4b0	652	FUNC	GLOBAL	DEFAULT	12	_ZN7android9MediaSyncC1Ev
1333:	000000000016d4b0	652	FUNC	GLOBAL	DEFAULT	12	_ZN7android9MediaSyncC2Ev
1237:	00000000001357d8	164	FUNC	GLOBAL	DEFAULT	12	_ZN7android10MediaClock5TimerC1ERKNS_2spINS_8AMessageEEEll
1680:	00000000001357d8	164	FUNC	GLOBAL	DEFAULT	12	_ZN7android10MediaClock5TimerC2ERKNS_2spINS_8AMessageEEEll
1242:	000000000018a3d8	100	FUNC	GLOBAL	DEFAULT	12	_ZN7android28StagefrightMetadataRetrieverC1Ev
1348:	000000000018a3d8	100	FUNC	GLOBAL	DEFAULT	12	_ZN7android28StagefrightMetadataRetrieverC2Ev
1243:	00000000001c3b90	428	FUNC	GLOBAL	DEFAULT	12	_ZN7android9WebmFrameC2EibmPNS_15MediaBufferBaseE
1852:	00000000001c3b90	428	FUNC	GLOBAL	DEFAULT	12	_ZN7android9WebmFrameC1EibmPNS_15MediaBufferBaseE
1255:	00000000000e1fb0	24	FUNC	GLOBAL	DEFAULT	12	_ZN7android9AMRWriter5pauseEv
1984:	00000000000e1fb0	24	FUNC	GLOBAL	DEFAULT	12	_ZN7android9AACWriter5pauseEv
1258:	000000000017c348	8	FUNC	GLOBAL	DEFAULT	12	_ZN7android16NuMediaExtractor6SampleC2EPNS_15MediaBufferBaseEl
1307:	000000000017c348	8	FUNC	GLOBAL	DEFAULT	12	_ZN7android16NuMediaExtractor6SampleC1EPNS_15MediaBufferBaseEl
1268:	000000000019b0b0	188	FUNC	GLOBAL	DEFAULT	12	_ZN7android19VideoFrameSchedulerD1Ev
1376:	000000000019b0b0	188	FUNC	GLOBAL	DEFAULT	12	_ZN7android19VideoFrameSchedulerD2Ev
1282:	0000000000177bd0	580	FUNC	GLOBAL	DEFAULT	12	_ZN7android9PageCacheD1Ev
1392:	0000000000177bd0	580	FUNC	GLOBAL	DEFAULT	12	_ZN7android9PageCacheD2Ev
1301:	00000000001b0de8	76	FUNC	GLOBAL	DEFAULT	12	_ZN7android8RSFilterC1Ev
1410:	00000000001b0de8	76	FUNC	GLOBAL	DEFAULT	12	_ZN7android8RSFilterC2Ev
1308:	00000000000d6d28	240	FUNC	GLOBAL	DEFAULT	12	_ZN7android6ACodec30OutputPortSettingsChangedStateC2EPS0_
1855:	00000000000d6d28	240	FUNC	GLOBAL	DEFAULT	12	_ZN7android6ACodec30OutputPortSettingsChangedStateC1EPS0_
1317:	00000000001b6b98	768	FUNC	GLOBAL	DEFAULT	12	_ZN7android10WebmWriterC1Ei
1421:	00000000001b6b98	768	FUNC	GLOBAL	DEFAULT	12	_ZN7android10WebmWriterC2Ei
1325:	0000000000113ce0	1352	FUNC	GLOBAL	DEFAULT	12	_ZN7android11MPEG4WriterD1Ev
1430:	0000000000113ce0	1352	FUNC	GLOBAL	DEFAULT	12	_ZN7android11MPEG4WriterD2Ev
1340:	00000000000e2f48	528	FUNC	GLOBAL	DEFAULT	12	_ZN7android9AMRWriterD1Ev
1446:	00000000000e2f48	528	FUNC	GLOBAL	DEFAULT	12	_ZN7android9AMRWriterD2Ev
1343:	00000000000fbdc8	4	FUNC	GLOBAL	DEFAULT	12	_ZN7android13DataConverterD1Ev
1453:	00000000000fbdc8	4	FUNC	GLOBAL	DEFAULT	12	_ZN7android13DataConverterD2Ev
1344:	00000000000e2ea8	32	FUNC	GLOBAL	DEFAULT	12	_ZN7android9AMRWriter20exceedsFileSizeLimitEv
1612:	00000000000e2ea8	32	FUNC	GLOBAL	DEFAULT	12	_ZN7android9AACWriter20exceedsFileSizeLimitEv
1361:	0000000000188f10	60	FUNC	GLOBAL	DEFAULT	12	_ZN7android13SkipCutBufferD1Ev
1470:	0000000000188f10	60	FUNC	GLOBAL	DEFAULT	12	_ZN7android13SkipCutBufferD2Ev
1366:	00000000000ac648	8	FUNC	GLOBAL	DEFAULT	12	_ZN7android6ACodec9BaseState18onOMXFrameRenderedEll
1587:	00000000000ac648	8	FUNC	GLOBAL	DEFAULT	12	_ZN7android6ACodec14ExecutingState11getPortModeEj
1925:	00000000000ac648	8	FUNC	GLOBAL	DEFAULT	12	_ZN7android12SecureBuffer18getDestinationTypeEv
1398:	0000000000133af0	944	FUNC	GLOBAL	DEFAULT	12	_ZN7android11MPEG4Writer5TrackD1Ev
1490:	0000000000133af0	944	FUNC	GLOBAL	DEFAULT	12	_ZN7android11MPEG4Writer5TrackD2Ev
1406:	00000000000d6828	60	FUNC	GLOBAL	DEFAULT	12	_ZN7android6ACodec9BaseStateC1EPS0_RKNS_2spINS_6AStateEEE
1812:	00000000000d6828	60	FUNC	GLOBAL	DEFAULT	12	_ZN7android6ACodec9BaseStateC2EPS0_RKNS_2spINS_6AStateEEE
1428:	00000000001c6050	44	FUNC	GLOBAL	DEFAULT	12	_ZN7android19WebmFrameSinkThreadC1ERKiRKmRNS_19LinkedBlockingQueueIKNS_2spINS_9WebmFrameEEEEESB_RNS_4ListINS6_INS_11WebmElementEEEEE
2012:	00000000001c6050	44	FUNC	GLOBAL	DEFAULT	12	_ZN7android19WebmFrameSinkThreadC2ERKiRKmRNS_19LinkedBlockingQueueIKNS_2spINS_9WebmFrameEEEEESB_RNS_4ListINS6_INS_11WebmElementEEEEE
1437:	00000000000e6850	80	FUNC	GLOBAL	DEFAULT	12	_ZN7android21AudioPresentationInfoC1Ev
1531:	00000000000e6850	80	FUNC	GLOBAL	DEFAULT	12	_ZN7android21AudioPresentationInfoC2Ev
1440:	00000000000e1798	528	FUNC	GLOBAL	DEFAULT	12	_ZN7android9AACWriterD1Ev
1533:	00000000000e1798	528	FUNC	GLOBAL	DEFAULT	12	_ZN7android9AACWriterD2Ev
1488:	0000000000102610	64	FUNC	GLOBAL	DEFAULT	12	_ZN7android12ImageDecoderC2ERKNS_7AStringERKNS_2spINS_8MetaDataEEERKNS4_INS_12IMediaSourceEEE
2446:	0000000000102610	64	FUNC	GLOBAL	DEFAULT	12	_ZN7android12ImageDecoderC1ERKNS_7AStringERKNS_2spINS_8MetaDataEEERKNS4_INS_12IMediaSourceEEE
1524:	00000000000e2ea0	8	FUNC	GLOBAL	DEFAULT	12	_ZNK7android9AMRWriter9initCheckEv
2445:	00000000000e2ea0	8	FUNC	GLOBAL	DEFAULT	12	_ZNK7android9AACWriter9initCheckEv
1528:	000000000019b050	96	FUNC	GLOBAL	DEFAULT	12	_ZN7android19VideoFrameSchedulerC1Ev
1632:	000000000019b050	96	FUNC	GLOBAL	DEFAULT	12	_ZN7android19VideoFrameSchedulerC2Ev
1529:	0000000000177a80	80	FUNC	GLOBAL	DEFAULT	12	_ZN7android9PageCacheC1Em
1629:	0000000000177a80	80	FUNC	GLOBAL	DEFAULT	12	_ZN7android9PageCacheC2Em
1556:	0000000000111548	400	FUNC	GLOBAL	DEFAULT	12	_ZN7android11MPEG4WriterC1Ei
1654:	0000000000111548	400	FUNC	GLOBAL	DEFAULT	12	_ZN7android11MPEG4WriterC2Ei
1562:	0000000000187070	252	FUNC	GLOBAL	DEFAULT	12	_ZN7android20SimpleDecodingSource14ProtectedStateC1ERKNS_2spINS_8AMessageEEE
2280:	0000000000187070	252	FUNC	GLOBAL	DEFAULT	12	_ZN7android20SimpleDecodingSource14ProtectedStateC2ERKNS_2spINS_8AMessageEEE
1568:	00000000001bcfb8	476	FUNC	GLOBAL	DEFAULT	12	_ZN7android10WebmMasterC2EmRKNS_4ListINS_2spINS_11WebmElementEEEEE
1955:	00000000001bcfb8	476	FUNC	GLOBAL	DEFAULT	12	_ZN7android10WebmMasterC1EmRKNS_4ListINS_2spINS_11WebmElementEEEEE
1580:	00000000000e2ee8	96	FUNC	GLOBAL	DEFAULT	12	_ZN7android9AMRWriterC1Ei
1672:	00000000000e2ee8	96	FUNC	GLOBAL	DEFAULT	12	_ZN7android9AMRWriterC2Ei
1595:	00000000000e4028	264	FUNC	GLOBAL	DEFAULT	12	_ZN7android11AudioPlayerC2ERKNS_2spINS_15MediaPlayerBase9AudioSinkEEEj
2071:	00000000000e4028	264	FUNC	GLOBAL	DEFAULT	12	_ZN7android11AudioPlayerC1ERKNS_2spINS_15MediaPlayerBase9AudioSinkEEEj
1600:	00000000000df470	772	FUNC	GLOBAL	DEFAULT	12	_ZN7android19ACodecBufferChannel10BufferInfoC2ERKNS_2spINS_16MediaCodecBufferEEEjRKNS2_INS_7IMemoryEEE
2056:	00000000000df470	772	FUNC	GLOBAL	DEFAULT	12	_ZN7android19ACodecBufferChannel10BufferInfoC1ERKNS_2spINS_16MediaCodecBufferEEEjRKNS2_INS_7IMemoryEEE
1626:	0000000000176048	348	FUNC	GLOBAL	DEFAULT	12	_ZN7android10MediaMuxerC1EiNS0_12OutputFormatE
2392:	0000000000176048	348	FUNC	GLOBAL	DEFAULT	12	_ZN7android10MediaMuxerC2EiNS0_12OutputFormatE
1634:	00000000000e4130	460	FUNC	GLOBAL	DEFAULT	12	_ZN7android11AudioPlayerD1Ev
1719:	00000000000e4130	460	FUNC	GLOBAL	DEFAULT	12	_ZN7android11AudioPlayerD2Ev
1642:	00000000001bd830	84	FUNC	GLOBAL	DEFAULT	12	_ZN7android10WebmMasterC1Em
1723:	00000000001bd830	84	FUNC	GLOBAL	DEFAULT	12	_ZN7android10WebmMasterC2Em
1661:	000000000013dfd0	3160	FUNC	GLOBAL	DEFAULT	12	_ZN7android10MediaCodecD1Ev
1746:	000000000013dfd0	3160	FUNC	GLOBAL	DEFAULT	12	_ZN7android10MediaCodecD2Ev
1666:	00000000000e1720	116	FUNC	GLOBAL	DEFAULT	12	_ZN7android9AACWriterC1Ei
1751:	00000000000e1720	116	FUNC	GLOBAL	DEFAULT	12	_ZN7android9AACWriterC2Ei
1683:	00000000000d6c30	244	FUNC	GLOBAL	DEFAULT	12	_ZN7android6ACodec14ExecutingStateC2EPS0_
2195:	00000000000d6c30	244	FUNC	GLOBAL	DEFAULT	12	_ZN7android6ACodec14ExecutingStateC1EPS0_
1689:	0000000000162ca0	148	FUNC	GLOBAL	DEFAULT	12	_ZN7android16MediaCodecSource6OutputC1Ev
1767:	0000000000162ca0	148	FUNC	GLOBAL	DEFAULT	12	_ZN7android16MediaCodecSource6OutputC2Ev
1693:	0000000000138d58	1148	FUNC	GLOBAL	DEFAULT	12	_ZN7android10MediaCodecC2ERKNS_2spINS_7ALooperEEEij
2260:	0000000000138d58	1148	FUNC	GLOBAL	DEFAULT	12	_ZN7android10MediaCodecC1ERKNS_2spINS_7ALooperEEEij
1700:	00000000001389b8	12	FUNC	GLOBAL	DEFAULT	12	_ZN7android10MediaCodec10BufferInfoC1Ev
1777:	00000000001389b8	12	FUNC	GLOBAL	DEFAULT	12	_ZN7android10MediaCodec10BufferInfoC2Ev
1733:	0000000000181e38	8	FUNC	GLOBAL	DEFAULT	12	_ZN7android9OMXClientC1Ev
1828:	0000000000181e38	8	FUNC	GLOBAL	DEFAULT	12	_ZN7android9OMXClientC2Ev
1755:	0000000000182388	20	FUNC	GLOBAL	DEFAULT	12	_ZN7android14OmxInfoBuilderC1Ev
1847:	0000000000182388	20	FUNC	GLOBAL	DEFAULT	12	_ZN7android14OmxInfoBuilderC2Ev
1815:	00000000000df778	324	FUNC	GLOBAL	DEFAULT	12	_ZN7android19ACodecBufferChannelC2ERKNS_2spINS_8AMessageEEES5_
2118:	00000000000df778	324	FUNC	GLOBAL	DEFAULT	12	_ZN7android19ACodecBufferChannelC1ERKNS_2spINS_8AMessageEEES5_
1822:	00000000000d6a50	240	FUNC	GLOBAL	DEFAULT	12	_ZN7android6ACodec17LoadedToIdleStateC2EPS0_
2355:	00000000000d6a50	240	FUNC	GLOBAL	DEFAULT	12	_ZN7android6ACodec17LoadedToIdleStateC1EPS0_
1833:	000000000018f078	16	FUNC	GLOBAL	DEFAULT	12	_ZN7android23StagefrightPluginLoaderD1Ev
1905:	000000000018f078	16	FUNC	GLOBAL	DEFAULT	12	_ZN7android23StagefrightPluginLoaderD2Ev
1868:	00000000000d6f10	240	FUNC	GLOBAL	DEFAULT	12	_ZN7android6ACodec17IdleToLoadedStateC2EPS0_
2406:	00000000000d6f10	240	FUNC	GLOBAL	DEFAULT	12	_ZN7android6ACodec17IdleToLoadedStateC1EPS0_
1880:	000000000017cc68	988	FUNC	GLOBAL	DEFAULT	12	_ZN7android16NuMediaExtractorD1Ev
1981:	000000000017cc68	988	FUNC	GLOBAL	DEFAULT	12	_ZN7android16NuMediaExtractorD2Ev
2019:	0000000000189c28	4	FUNC	GLOBAL	DEFAULT	12	_ZN7android23StagefrightMediaScannerD1Ev
2114:	0000000000189c28	4	FUNC	GLOBAL	DEFAULT	12	_ZN7android23StagefrightMediaScannerD2Ev
2025:	00000000000fbc00	8	FUNC	GLOBAL	DEFAULT	12	_ZN7android13DataConverter10sourceSizeEm
2312:	00000000000fbc00	8	FUNC	GLOBAL	DEFAULT	12	_ZN7android13DataConverter10targetSizeEm
2034:	0000000000104390	92	FUNC	GLOBAL	DEFAULT	12	_ZN7android17HevcParameterSetsC1Ev
2128:	0000000000104390	92	FUNC	GLOBAL	DEFAULT	12	_ZN7android17HevcParameterSetsC2Ev
2073:	00000000001bce08	340	FUNC	GLOBAL	DEFAULT	12	_ZN7android8EbmlVoidC1Em
2168:	00000000001bce08	340	FUNC	GLOBAL	DEFAULT	12	_ZN7android8EbmlVoidC2Em
2100:	00000000000d2540	3168	FUNC	GLOBAL	DEFAULT	12	_ZN7android6ACodecD1Ev
2194:	00000000000d2540	3168	FUNC	GLOBAL	DEFAULT	12	_ZN7android6ACodecD2Ev
2104:	00000000001b35f8	876	FUNC	GLOBAL	DEFAULT	12	_ZN22ScriptC_saturationARGBC2EN7android3RSC2spINS1_2RSEEE
2429:	00000000001b35f8	876	FUNC	GLOBAL	DEFAULT	12	_ZN22ScriptC_saturationARGBC1EN7android3RSC2spINS1_2RSEEE
2105:	0000000000109ec8	884	FUNC	GLOBAL	DEFAULT	12	_ZN7android13MPEG2TSWriter10SourceInfoD1Ev
2202:	0000000000109ec8	884	FUNC	GLOBAL	DEFAULT	12	_ZN7android13MPEG2TSWriter10SourceInfoD2Ev
2106:	00000000001c6098	428	FUNC	GLOBAL	DEFAULT	12	_ZN7android26WebmFrameMediaSourceThreadC2ERKNS_2spINS_11MediaSourceEEEiRNS_19LinkedBlockingQueueIKNS1_INS_9WebmFrameEEEEEmliib
2201:	00000000001c6098	428	FUNC	GLOBAL	DEFAULT	12	_ZN7android26WebmFrameMediaSourceThreadC1ERKNS_2spINS_11MediaSourceEEEiRNS_19LinkedBlockingQueueIKNS1_INS_9WebmFrameEEEEEmliib
2117:	00000000001bcae8	284	FUNC	GLOBAL	DEFAULT	12	_ZN7android15WebmSimpleBlockC2EisbRKNS_2spINS_7ABufferEEE
2268:	00000000001bcae8	284	FUNC	GLOBAL	DEFAULT	12	_ZN7android15WebmSimpleBlockC1EisbRKNS_2spINS_7ABufferEEE
2120:	000000000017c350	112	FUNC	GLOBAL	DEFAULT	12	_ZN7android16NuMediaExtractorC1Ev
2218:	000000000017c350	112	FUNC	GLOBAL	DEFAULT	12	_ZN7android16NuMediaExtractorC2Ev
2150:	00000000000ea168	352	FUNC	GLOBAL	DEFAULT	12	_ZN7android12SecureBufferC2ERKNS_2spINS_8AMessageEEEPKvm
2244:	00000000000ea168	352	FUNC	GLOBAL	DEFAULT	12	_ZN7android12SecureBufferC1ERKNS_2spINS_8AMessageEEEPKvm
2224:	00000000001c3ad0	188	FUNC	GLOBAL	DEFAULT	12	_ZN7android9WebmFrameC1Ev
2329:	00000000001c3ad0	188	FUNC	GLOBAL	DEFAULT	12	_ZN7android9WebmFrameC2Ev
2228:	00000000000ea390	380	FUNC	GLOBAL	DEFAULT	12	_ZN7android12SecureBufferC1ERKNS_2spINS_8AMessageEEERKNS1_INS_12NativeHandleEEEm
2347:	00000000000ea390	380	FUNC	GLOBAL	DEFAULT	12	_ZN7android12SecureBufferC2ERKNS_2spINS_8AMessageEEERKNS1_INS_12NativeHandleEEEm
2267:	0000000000189bf8	48	FUNC	GLOBAL	DEFAULT	12	_ZN7android23StagefrightMediaScannerC1Ev
2365:	0000000000189bf8	48	FUNC	GLOBAL	DEFAULT	12	_ZN7android23StagefrightMediaScannerC2Ev
2354:	00000000000aa6e8	2356	FUNC	GLOBAL	DEFAULT	12	_ZN7android6ACodecC1Ev
2439:	00000000000aa6e8	2356	FUNC	GLOBAL	DEFAULT	12	_ZN7android6ACodecC2Ev
